000 (76617457.000.000) 09/28 09:47:54 Job submitted from host: <128.104.100.44:9618?addrs=128.104.100.44-9618+[2607-f388-107c-501-90e2-baff-fe2c-2724]-9618&noUDP&sock=2350639_6a2a_3>
...
001 (76617457.000.000) 09/28 12:53:41 Job executing on host: <128.105.245.100:9618?addrs=128.105.245.100-9618+[--1]-9618&noUDP&sock=6300_dabe_3>
...
006 (76617457.000.000) 09/28 12:57:54 Image size of job updated: 848
	1  -  MemoryUsage of job (MB)
	848  -  ResidentSetSize of job (KB)
...
006 (76617457.000.000) 09/28 13:34:38 Image size of job updated: 265560
	238  -  MemoryUsage of job (MB)
	243408  -  ResidentSetSize of job (KB)
...
006 (76617457.000.000) 09/28 13:59:09 Image size of job updated: 368980
	339  -  MemoryUsage of job (MB)
	346828  -  ResidentSetSize of job (KB)
...
006 (76617457.000.000) 09/28 14:13:55 Image size of job updated: 443636
	412  -  MemoryUsage of job (MB)
	421484  -  ResidentSetSize of job (KB)
...
006 (76617457.000.000) 09/28 14:22:49 Image size of job updated: 475692
	443  -  MemoryUsage of job (MB)
	453540  -  ResidentSetSize of job (KB)
...
006 (76617457.000.000) 09/28 14:28:12 Image size of job updated: 485940
	453  -  MemoryUsage of job (MB)
	463788  -  ResidentSetSize of job (KB)
...
006 (76617457.000.000) 09/28 14:33:13 Image size of job updated: 505992
	473  -  MemoryUsage of job (MB)
	483840  -  ResidentSetSize of job (KB)
...
006 (76617457.000.000) 09/28 14:38:13 Image size of job updated: 531792
	498  -  MemoryUsage of job (MB)
	509640  -  ResidentSetSize of job (KB)
...
006 (76617457.000.000) 09/28 14:43:14 Image size of job updated: 541136
	507  -  MemoryUsage of job (MB)
	518984  -  ResidentSetSize of job (KB)
...
006 (76617457.000.000) 09/28 14:48:15 Image size of job updated: 557608
	523  -  MemoryUsage of job (MB)
	535456  -  ResidentSetSize of job (KB)
...
006 (76617457.000.000) 09/28 14:53:15 Image size of job updated: 581860
	547  -  MemoryUsage of job (MB)
	559708  -  ResidentSetSize of job (KB)
...
006 (76617457.000.000) 09/28 14:58:16 Image size of job updated: 598264
	563  -  MemoryUsage of job (MB)
	576112  -  ResidentSetSize of job (KB)
...
006 (76617457.000.000) 09/28 15:03:17 Image size of job updated: 608828
	573  -  MemoryUsage of job (MB)
	586676  -  ResidentSetSize of job (KB)
...
006 (76617457.000.000) 09/28 15:08:17 Image size of job updated: 614976
	579  -  MemoryUsage of job (MB)
	592824  -  ResidentSetSize of job (KB)
...
006 (76617457.000.000) 09/28 15:14:21 Image size of job updated: 641352
	605  -  MemoryUsage of job (MB)
	619200  -  ResidentSetSize of job (KB)
...
006 (76617457.000.000) 09/28 15:18:20 Image size of job updated: 666492
	630  -  MemoryUsage of job (MB)
	644340  -  ResidentSetSize of job (KB)
...
006 (76617457.000.000) 09/28 15:23:21 Image size of job updated: 692840
	655  -  MemoryUsage of job (MB)
	670688  -  ResidentSetSize of job (KB)
...
006 (76617457.000.000) 09/28 15:28:21 Image size of job updated: 723532
	685  -  MemoryUsage of job (MB)
	701380  -  ResidentSetSize of job (KB)
...
006 (76617457.000.000) 09/28 15:33:22 Image size of job updated: 754272
	715  -  MemoryUsage of job (MB)
	732120  -  ResidentSetSize of job (KB)
...
006 (76617457.000.000) 09/28 15:38:23 Image size of job updated: 756348
	717  -  MemoryUsage of job (MB)
	734196  -  ResidentSetSize of job (KB)
...
006 (76617457.000.000) 09/28 15:43:23 Image size of job updated: 793176
	753  -  MemoryUsage of job (MB)
	771024  -  ResidentSetSize of job (KB)
...
006 (76617457.000.000) 09/28 15:48:23 Image size of job updated: 821832
	781  -  MemoryUsage of job (MB)
	799680  -  ResidentSetSize of job (KB)
...
006 (76617457.000.000) 09/28 15:53:23 Image size of job updated: 832088
	791  -  MemoryUsage of job (MB)
	809936  -  ResidentSetSize of job (KB)
...
006 (76617457.000.000) 09/28 15:58:23 Image size of job updated: 848476
	807  -  MemoryUsage of job (MB)
	826324  -  ResidentSetSize of job (KB)
...
006 (76617457.000.000) 09/28 16:03:24 Image size of job updated: 864856
	823  -  MemoryUsage of job (MB)
	842704  -  ResidentSetSize of job (KB)
...
006 (76617457.000.000) 09/28 16:08:25 Image size of job updated: 893512
	851  -  MemoryUsage of job (MB)
	871360  -  ResidentSetSize of job (KB)
...
006 (76617457.000.000) 09/28 16:13:26 Image size of job updated: 905828
	863  -  MemoryUsage of job (MB)
	883676  -  ResidentSetSize of job (KB)
...
006 (76617457.000.000) 09/28 16:18:26 Image size of job updated: 922212
	879  -  MemoryUsage of job (MB)
	900060  -  ResidentSetSize of job (KB)
...
006 (76617457.000.000) 09/28 16:23:27 Image size of job updated: 936532
	893  -  MemoryUsage of job (MB)
	914380  -  ResidentSetSize of job (KB)
...
006 (76617457.000.000) 09/28 16:28:27 Image size of job updated: 957024
	913  -  MemoryUsage of job (MB)
	934872  -  ResidentSetSize of job (KB)
...
006 (76617457.000.000) 09/28 16:34:10 Image size of job updated: 959104
	915  -  MemoryUsage of job (MB)
	936952  -  ResidentSetSize of job (KB)
...
006 (76617457.000.000) 09/28 16:38:27 Image size of job updated: 991844
	947  -  MemoryUsage of job (MB)
	969692  -  ResidentSetSize of job (KB)
...
006 (76617457.000.000) 09/28 16:43:27 Image size of job updated: 999596
	955  -  MemoryUsage of job (MB)
	977444  -  ResidentSetSize of job (KB)
...
006 (76617457.000.000) 09/28 16:48:28 Image size of job updated: 1026676
	981  -  MemoryUsage of job (MB)
	1004524  -  ResidentSetSize of job (KB)
...
006 (76617457.000.000) 09/28 16:53:29 Image size of job updated: 1038964
	993  -  MemoryUsage of job (MB)
	1016812  -  ResidentSetSize of job (KB)
...
006 (76617457.000.000) 09/28 16:58:29 Image size of job updated: 1061356
	1015  -  MemoryUsage of job (MB)
	1039204  -  ResidentSetSize of job (KB)
...
006 (76617457.000.000) 09/28 17:03:30 Image size of job updated: 1067812
	1022  -  MemoryUsage of job (MB)
	1045660  -  ResidentSetSize of job (KB)
...
006 (76617457.000.000) 09/28 17:08:31 Image size of job updated: 1103100
	1056  -  MemoryUsage of job (MB)
	1080940  -  ResidentSetSize of job (KB)
...
006 (76617457.000.000) 09/28 17:13:31 Image size of job updated: 1106584
	1060  -  MemoryUsage of job (MB)
	1084424  -  ResidentSetSize of job (KB)
...
006 (76617457.000.000) 09/28 17:18:31 Image size of job updated: 1131848
	1084  -  MemoryUsage of job (MB)
	1109688  -  ResidentSetSize of job (KB)
...
006 (76617457.000.000) 09/28 17:23:31 Image size of job updated: 1144116
	1096  -  MemoryUsage of job (MB)
	1121956  -  ResidentSetSize of job (KB)
...
006 (76617457.000.000) 09/28 17:28:32 Image size of job updated: 1172572
	1124  -  MemoryUsage of job (MB)
	1150412  -  ResidentSetSize of job (KB)
...
006 (76617457.000.000) 09/28 17:33:32 Image size of job updated: 1174488
	1126  -  MemoryUsage of job (MB)
	1152328  -  ResidentSetSize of job (KB)
...
006 (76617457.000.000) 09/28 17:38:33 Image size of job updated: 1201480
	1152  -  MemoryUsage of job (MB)
	1179320  -  ResidentSetSize of job (KB)
...
006 (76617457.000.000) 09/28 17:43:34 Image size of job updated: 1217600
	1168  -  MemoryUsage of job (MB)
	1195440  -  ResidentSetSize of job (KB)
...
006 (76617457.000.000) 09/28 17:48:34 Image size of job updated: 1276136
	1225  -  MemoryUsage of job (MB)
	1253976  -  ResidentSetSize of job (KB)
...
006 (76617457.000.000) 09/28 17:53:34 Image size of job updated: 1278064
	1227  -  MemoryUsage of job (MB)
	1255904  -  ResidentSetSize of job (KB)
...
006 (76617457.000.000) 09/28 17:58:34 Image size of job updated: 1305264
	1254  -  MemoryUsage of job (MB)
	1283104  -  ResidentSetSize of job (KB)
...
006 (76617457.000.000) 09/28 18:03:34 Image size of job updated: 1327924
	1276  -  MemoryUsage of job (MB)
	1305764  -  ResidentSetSize of job (KB)
...
006 (76617457.000.000) 09/28 18:08:35 Image size of job updated: 1358520
	1306  -  MemoryUsage of job (MB)
	1336360  -  ResidentSetSize of job (KB)
...
006 (76617457.000.000) 09/28 18:13:36 Image size of job updated: 1360052
	1307  -  MemoryUsage of job (MB)
	1337892  -  ResidentSetSize of job (KB)
...
006 (76617457.000.000) 09/28 18:18:37 Image size of job updated: 1421716
	1367  -  MemoryUsage of job (MB)
	1399556  -  ResidentSetSize of job (KB)
...
006 (76617457.000.000) 09/28 18:23:38 Image size of job updated: 1438644
	1384  -  MemoryUsage of job (MB)
	1416484  -  ResidentSetSize of job (KB)
...
006 (76617457.000.000) 09/28 18:28:38 Image size of job updated: 1469344
	1414  -  MemoryUsage of job (MB)
	1447184  -  ResidentSetSize of job (KB)
...
006 (76617457.000.000) 09/28 18:33:39 Image size of job updated: 1491500
	1435  -  MemoryUsage of job (MB)
	1469340  -  ResidentSetSize of job (KB)
...
006 (76617457.000.000) 09/28 18:43:40 Image size of job updated: 1503156
	1447  -  MemoryUsage of job (MB)
	1480996  -  ResidentSetSize of job (KB)
...
006 (76617457.000.000) 09/28 18:53:41 Image size of job updated: 1532956
	1476  -  MemoryUsage of job (MB)
	1510796  -  ResidentSetSize of job (KB)
...
006 (76617457.000.000) 09/28 19:03:42 Image size of job updated: 1539100
	1482  -  MemoryUsage of job (MB)
	1516940  -  ResidentSetSize of job (KB)
...
006 (76617457.000.000) 09/28 19:13:43 Image size of job updated: 1592708
	1534  -  MemoryUsage of job (MB)
	1570548  -  ResidentSetSize of job (KB)
...
006 (76617457.000.000) 09/28 19:18:43 Image size of job updated: 1596812
	1538  -  MemoryUsage of job (MB)
	1574652  -  ResidentSetSize of job (KB)
...
005 (76617457.000.000) 09/28 19:25:23 Job terminated.
	(1) Normal termination (return value 0)
		Usr 0 06:29:58, Sys 0 00:00:08  -  Run Remote Usage
		Usr 0 00:00:00, Sys 0 00:00:00  -  Run Local Usage
		Usr 0 06:29:58, Sys 0 00:00:08  -  Total Remote Usage
		Usr 0 00:00:00, Sys 0 00:00:00  -  Total Local Usage
	1732447  -  Run Bytes Sent By Job
	35421  -  Run Bytes Received By Job
	1732447  -  Total Bytes Sent By Job
	35421  -  Total Bytes Received By Job
	Partitionable Resources :    Usage  Request Allocated
	   Cpus                 :                16        16
	   Disk (KB)            :  4386470 10485760  10634348
	   Memory (MB)          :     1538     8192      8192
...
