000 (76617346.000.000) 09/28 09:45:36 Job submitted from host: <128.104.100.44:9618?addrs=128.104.100.44-9618+[2607-f388-107c-501-90e2-baff-fe2c-2724]-9618&noUDP&sock=2350639_6a2a_3>
...
001 (76617346.000.000) 09/28 10:44:05 Job executing on host: <128.105.245.71:9618?addrs=128.105.245.71-9618+[--1]-9618&noUDP&sock=5142_9012_3>
...
006 (76617346.000.000) 09/28 10:44:14 Image size of job updated: 852
	1  -  MemoryUsage of job (MB)
	852  -  ResidentSetSize of job (KB)
...
006 (76617346.000.000) 09/28 10:49:15 Image size of job updated: 95984
	73  -  MemoryUsage of job (MB)
	73816  -  ResidentSetSize of job (KB)
...
006 (76617346.000.000) 09/28 10:54:15 Image size of job updated: 132432
	108  -  MemoryUsage of job (MB)
	110264  -  ResidentSetSize of job (KB)
...
006 (76617346.000.000) 09/28 10:59:15 Image size of job updated: 163376
	138  -  MemoryUsage of job (MB)
	141208  -  ResidentSetSize of job (KB)
...
006 (76617346.000.000) 09/28 11:04:15 Image size of job updated: 184480
	159  -  MemoryUsage of job (MB)
	162312  -  ResidentSetSize of job (KB)
...
006 (76617346.000.000) 09/28 11:09:17 Image size of job updated: 201292
	175  -  MemoryUsage of job (MB)
	179124  -  ResidentSetSize of job (KB)
...
006 (76617346.000.000) 09/28 11:19:16 Image size of job updated: 218748
	192  -  MemoryUsage of job (MB)
	196580  -  ResidentSetSize of job (KB)
...
006 (76617346.000.000) 09/28 11:24:18 Image size of job updated: 246520
	220  -  MemoryUsage of job (MB)
	224352  -  ResidentSetSize of job (KB)
...
006 (76617346.000.000) 09/28 11:29:19 Image size of job updated: 273332
	246  -  MemoryUsage of job (MB)
	251164  -  ResidentSetSize of job (KB)
...
006 (76617346.000.000) 09/28 11:34:20 Image size of job updated: 299208
	271  -  MemoryUsage of job (MB)
	277040  -  ResidentSetSize of job (KB)
...
006 (76617346.000.000) 09/28 11:39:20 Image size of job updated: 318200
	290  -  MemoryUsage of job (MB)
	296032  -  ResidentSetSize of job (KB)
...
006 (76617346.000.000) 09/28 11:44:20 Image size of job updated: 339124
	310  -  MemoryUsage of job (MB)
	316956  -  ResidentSetSize of job (KB)
...
006 (76617346.000.000) 09/28 11:49:20 Image size of job updated: 351404
	322  -  MemoryUsage of job (MB)
	329236  -  ResidentSetSize of job (KB)
...
006 (76617346.000.000) 09/28 11:54:20 Image size of job updated: 366352
	337  -  MemoryUsage of job (MB)
	344184  -  ResidentSetSize of job (KB)
...
006 (76617346.000.000) 09/28 11:59:20 Image size of job updated: 383260
	353  -  MemoryUsage of job (MB)
	361092  -  ResidentSetSize of job (KB)
...
006 (76617346.000.000) 09/28 12:04:20 Image size of job updated: 410396
	380  -  MemoryUsage of job (MB)
	388228  -  ResidentSetSize of job (KB)
...
006 (76617346.000.000) 09/28 12:09:20 Image size of job updated: 431140
	400  -  MemoryUsage of job (MB)
	408972  -  ResidentSetSize of job (KB)
...
006 (76617346.000.000) 09/28 12:19:12 Image size of job updated: 456740
	425  -  MemoryUsage of job (MB)
	434572  -  ResidentSetSize of job (KB)
...
006 (76617346.000.000) 09/28 12:33:57 Image size of job updated: 520084
	487  -  MemoryUsage of job (MB)
	497916  -  ResidentSetSize of job (KB)
...
006 (76617346.000.000) 09/28 12:45:45 Image size of job updated: 548920
	515  -  MemoryUsage of job (MB)
	526752  -  ResidentSetSize of job (KB)
...
006 (76617346.000.000) 09/28 12:52:53 Image size of job updated: 578820
	544  -  MemoryUsage of job (MB)
	556652  -  ResidentSetSize of job (KB)
...
006 (76617346.000.000) 09/28 12:58:11 Image size of job updated: 593156
	558  -  MemoryUsage of job (MB)
	570988  -  ResidentSetSize of job (KB)
...
006 (76617346.000.000) 09/28 13:02:53 Image size of job updated: 606436
	571  -  MemoryUsage of job (MB)
	584268  -  ResidentSetSize of job (KB)
...
006 (76617346.000.000) 09/28 13:07:53 Image size of job updated: 612424
	577  -  MemoryUsage of job (MB)
	590256  -  ResidentSetSize of job (KB)
...
006 (76617346.000.000) 09/28 13:12:53 Image size of job updated: 636244
	600  -  MemoryUsage of job (MB)
	614076  -  ResidentSetSize of job (KB)
...
006 (76617346.000.000) 09/28 13:17:53 Image size of job updated: 663620
	627  -  MemoryUsage of job (MB)
	641452  -  ResidentSetSize of job (KB)
...
006 (76617346.000.000) 09/28 13:22:53 Image size of job updated: 682076
	645  -  MemoryUsage of job (MB)
	659908  -  ResidentSetSize of job (KB)
...
006 (76617346.000.000) 09/28 13:27:53 Image size of job updated: 706640
	669  -  MemoryUsage of job (MB)
	684472  -  ResidentSetSize of job (KB)
...
006 (76617346.000.000) 09/28 13:32:54 Image size of job updated: 743512
	705  -  MemoryUsage of job (MB)
	721344  -  ResidentSetSize of job (KB)
...
006 (76617346.000.000) 09/28 13:37:55 Image size of job updated: 753780
	715  -  MemoryUsage of job (MB)
	731612  -  ResidentSetSize of job (KB)
...
006 (76617346.000.000) 09/28 13:42:56 Image size of job updated: 776272
	737  -  MemoryUsage of job (MB)
	754104  -  ResidentSetSize of job (KB)
...
006 (76617346.000.000) 09/28 13:47:57 Image size of job updated: 797812
	758  -  MemoryUsage of job (MB)
	775644  -  ResidentSetSize of job (KB)
...
006 (76617346.000.000) 09/28 13:52:58 Image size of job updated: 825452
	785  -  MemoryUsage of job (MB)
	803284  -  ResidentSetSize of job (KB)
...
006 (76617346.000.000) 09/28 13:57:59 Image size of job updated: 837736
	797  -  MemoryUsage of job (MB)
	815568  -  ResidentSetSize of job (KB)
...
006 (76617346.000.000) 09/28 14:04:43 Image size of job updated: 862300
	821  -  MemoryUsage of job (MB)
	840132  -  ResidentSetSize of job (KB)
...
006 (76617346.000.000) 09/28 14:10:02 Image size of job updated: 888936
	847  -  MemoryUsage of job (MB)
	866768  -  ResidentSetSize of job (KB)
...
006 (76617346.000.000) 09/28 14:15:03 Image size of job updated: 905316
	863  -  MemoryUsage of job (MB)
	883148  -  ResidentSetSize of job (KB)
...
006 (76617346.000.000) 09/28 14:20:04 Image size of job updated: 921708
	879  -  MemoryUsage of job (MB)
	899540  -  ResidentSetSize of job (KB)
...
006 (76617346.000.000) 09/28 14:25:05 Image size of job updated: 934000
	891  -  MemoryUsage of job (MB)
	911832  -  ResidentSetSize of job (KB)
...
006 (76617346.000.000) 09/28 14:30:06 Image size of job updated: 952432
	909  -  MemoryUsage of job (MB)
	930264  -  ResidentSetSize of job (KB)
...
006 (76617346.000.000) 09/28 14:35:07 Image size of job updated: 956560
	913  -  MemoryUsage of job (MB)
	934392  -  ResidentSetSize of job (KB)
...
006 (76617346.000.000) 09/28 14:40:08 Image size of job updated: 983176
	939  -  MemoryUsage of job (MB)
	961008  -  ResidentSetSize of job (KB)
...
006 (76617346.000.000) 09/28 14:45:09 Image size of job updated: 995468
	951  -  MemoryUsage of job (MB)
	973300  -  ResidentSetSize of job (KB)
...
006 (76617346.000.000) 09/28 14:50:10 Image size of job updated: 1020032
	975  -  MemoryUsage of job (MB)
	997864  -  ResidentSetSize of job (KB)
...
006 (76617346.000.000) 09/28 14:55:10 Image size of job updated: 1036428
	991  -  MemoryUsage of job (MB)
	1014260  -  ResidentSetSize of job (KB)
...
006 (76617346.000.000) 09/28 15:00:10 Image size of job updated: 1042568
	997  -  MemoryUsage of job (MB)
	1020400  -  ResidentSetSize of job (KB)
...
006 (76617346.000.000) 09/28 15:05:10 Image size of job updated: 1056916
	1011  -  MemoryUsage of job (MB)
	1034748  -  ResidentSetSize of job (KB)
...
006 (76617346.000.000) 09/28 15:10:10 Image size of job updated: 1070520
	1024  -  MemoryUsage of job (MB)
	1048352  -  ResidentSetSize of job (KB)
...
006 (76617346.000.000) 09/28 15:15:10 Image size of job updated: 1092480
	1046  -  MemoryUsage of job (MB)
	1070312  -  ResidentSetSize of job (KB)
...
006 (76617346.000.000) 09/28 15:20:11 Image size of job updated: 1120648
	1073  -  MemoryUsage of job (MB)
	1098480  -  ResidentSetSize of job (KB)
...
006 (76617346.000.000) 09/28 15:25:11 Image size of job updated: 1122456
	1075  -  MemoryUsage of job (MB)
	1100288  -  ResidentSetSize of job (KB)
...
006 (76617346.000.000) 09/28 15:30:12 Image size of job updated: 1140168
	1092  -  MemoryUsage of job (MB)
	1118000  -  ResidentSetSize of job (KB)
...
006 (76617346.000.000) 09/28 15:35:28 Image size of job updated: 1167000
	1118  -  MemoryUsage of job (MB)
	1144832  -  ResidentSetSize of job (KB)
...
006 (76617346.000.000) 09/28 15:40:13 Image size of job updated: 1169932
	1121  -  MemoryUsage of job (MB)
	1147764  -  ResidentSetSize of job (KB)
...
006 (76617346.000.000) 09/28 15:45:13 Image size of job updated: 1198424
	1149  -  MemoryUsage of job (MB)
	1176256  -  ResidentSetSize of job (KB)
...
006 (76617346.000.000) 09/28 15:50:14 Image size of job updated: 1214200
	1165  -  MemoryUsage of job (MB)
	1192032  -  ResidentSetSize of job (KB)
...
006 (76617346.000.000) 09/28 15:55:15 Image size of job updated: 1272828
	1222  -  MemoryUsage of job (MB)
	1250660  -  ResidentSetSize of job (KB)
...
006 (76617346.000.000) 09/28 16:05:16 Image size of job updated: 1293820
	1242  -  MemoryUsage of job (MB)
	1271652  -  ResidentSetSize of job (KB)
...
006 (76617346.000.000) 09/28 16:10:16 Image size of job updated: 1316984
	1265  -  MemoryUsage of job (MB)
	1294816  -  ResidentSetSize of job (KB)
...
006 (76617346.000.000) 09/28 16:15:16 Image size of job updated: 1318464
	1266  -  MemoryUsage of job (MB)
	1296296  -  ResidentSetSize of job (KB)
...
006 (76617346.000.000) 09/28 16:20:16 Image size of job updated: 1381296
	1328  -  MemoryUsage of job (MB)
	1359128  -  ResidentSetSize of job (KB)
...
006 (76617346.000.000) 09/28 16:30:16 Image size of job updated: 1424364
	1370  -  MemoryUsage of job (MB)
	1402196  -  ResidentSetSize of job (KB)
...
006 (76617346.000.000) 09/28 16:40:16 Image size of job updated: 1460992
	1406  -  MemoryUsage of job (MB)
	1438824  -  ResidentSetSize of job (KB)
...
006 (76617346.000.000) 09/28 16:50:16 Image size of job updated: 1488596
	1433  -  MemoryUsage of job (MB)
	1466428  -  ResidentSetSize of job (KB)
...
006 (76617346.000.000) 09/28 17:00:16 Image size of job updated: 1509812
	1453  -  MemoryUsage of job (MB)
	1487644  -  ResidentSetSize of job (KB)
...
006 (76617346.000.000) 09/28 17:05:16 Image size of job updated: 1523312
	1466  -  MemoryUsage of job (MB)
	1501144  -  ResidentSetSize of job (KB)
...
006 (76617346.000.000) 09/28 17:15:16 Image size of job updated: 1527736
	1471  -  MemoryUsage of job (MB)
	1505568  -  ResidentSetSize of job (KB)
...
006 (76617346.000.000) 09/28 17:20:16 Image size of job updated: 1534116
	1477  -  MemoryUsage of job (MB)
	1511948  -  ResidentSetSize of job (KB)
...
006 (76617346.000.000) 09/28 17:25:16 Image size of job updated: 1536168
	1479  -  MemoryUsage of job (MB)
	1514000  -  ResidentSetSize of job (KB)
...
006 (76617346.000.000) 09/28 17:30:17 Image size of job updated: 1587444
	1529  -  MemoryUsage of job (MB)
	1565276  -  ResidentSetSize of job (KB)
...
006 (76617346.000.000) 09/28 17:35:17 Image size of job updated: 1597140
	1539  -  MemoryUsage of job (MB)
	1574972  -  ResidentSetSize of job (KB)
...
005 (76617346.000.000) 09/28 17:38:15 Job terminated.
	(1) Normal termination (return value 0)
		Usr 0 06:51:20, Sys 0 00:00:23  -  Run Remote Usage
		Usr 0 00:00:00, Sys 0 00:00:00  -  Run Local Usage
		Usr 0 06:51:20, Sys 0 00:00:23  -  Total Remote Usage
		Usr 0 00:00:00, Sys 0 00:00:00  -  Total Local Usage
	1732422  -  Run Bytes Sent By Job
	35421  -  Run Bytes Received By Job
	1732422  -  Total Bytes Sent By Job
	35421  -  Total Bytes Received By Job
	Partitionable Resources :    Usage  Request Allocated
	   Cpus                 :                 4         4
	   Disk (KB)            :  4351965 10485760  11112304
	   Memory (MB)          :     1539     4096      4096
...
