000 (76637160.000.000) 09/28 17:17:33 Job submitted from host: <128.104.100.44:9618?addrs=128.104.100.44-9618+[2607-f388-107c-501-90e2-baff-fe2c-2724]-9618&noUDP&sock=2350639_6a2a_3>
...
001 (76637160.000.000) 09/28 17:18:02 Job executing on host: <128.105.245.159:9618?addrs=128.105.245.159-9618+[--1]-9618&noUDP&sock=5488_e3d7_3>
...
006 (76637160.000.000) 09/28 17:18:10 Image size of job updated: 864
	1  -  MemoryUsage of job (MB)
	864  -  ResidentSetSize of job (KB)
...
006 (76637160.000.000) 09/28 17:23:10 Image size of job updated: 94996
	72  -  MemoryUsage of job (MB)
	72836  -  ResidentSetSize of job (KB)
...
006 (76637160.000.000) 09/28 17:28:10 Image size of job updated: 122984
	99  -  MemoryUsage of job (MB)
	100824  -  ResidentSetSize of job (KB)
...
006 (76637160.000.000) 09/28 17:33:10 Image size of job updated: 158528
	134  -  MemoryUsage of job (MB)
	136368  -  ResidentSetSize of job (KB)
...
006 (76637160.000.000) 09/28 17:38:10 Image size of job updated: 173032
	148  -  MemoryUsage of job (MB)
	150872  -  ResidentSetSize of job (KB)
...
006 (76637160.000.000) 09/28 17:43:11 Image size of job updated: 191332
	166  -  MemoryUsage of job (MB)
	169172  -  ResidentSetSize of job (KB)
...
006 (76637160.000.000) 09/28 17:48:12 Image size of job updated: 205240
	179  -  MemoryUsage of job (MB)
	183080  -  ResidentSetSize of job (KB)
...
006 (76637160.000.000) 09/28 17:53:13 Image size of job updated: 205248
	179  -  MemoryUsage of job (MB)
	183088  -  ResidentSetSize of job (KB)
...
006 (76637160.000.000) 09/28 17:58:14 Image size of job updated: 217968
	192  -  MemoryUsage of job (MB)
	195808  -  ResidentSetSize of job (KB)
...
006 (76637160.000.000) 09/28 18:03:14 Image size of job updated: 233488
	207  -  MemoryUsage of job (MB)
	211328  -  ResidentSetSize of job (KB)
...
006 (76637160.000.000) 09/28 18:08:15 Image size of job updated: 260028
	233  -  MemoryUsage of job (MB)
	237868  -  ResidentSetSize of job (KB)
...
006 (76637160.000.000) 09/28 18:13:16 Image size of job updated: 283396
	256  -  MemoryUsage of job (MB)
	261236  -  ResidentSetSize of job (KB)
...
006 (76637160.000.000) 09/28 18:18:17 Image size of job updated: 303056
	275  -  MemoryUsage of job (MB)
	280896  -  ResidentSetSize of job (KB)
...
006 (76637160.000.000) 09/28 18:23:17 Image size of job updated: 321996
	293  -  MemoryUsage of job (MB)
	299836  -  ResidentSetSize of job (KB)
...
006 (76637160.000.000) 09/28 18:28:17 Image size of job updated: 337540
	308  -  MemoryUsage of job (MB)
	315380  -  ResidentSetSize of job (KB)
...
006 (76637160.000.000) 09/28 18:33:18 Image size of job updated: 348200
	319  -  MemoryUsage of job (MB)
	326040  -  ResidentSetSize of job (KB)
...
006 (76637160.000.000) 09/28 18:38:19 Image size of job updated: 363396
	334  -  MemoryUsage of job (MB)
	341236  -  ResidentSetSize of job (KB)
...
006 (76637160.000.000) 09/28 18:43:20 Image size of job updated: 381644
	352  -  MemoryUsage of job (MB)
	359484  -  ResidentSetSize of job (KB)
...
006 (76637160.000.000) 09/28 18:48:21 Image size of job updated: 405240
	375  -  MemoryUsage of job (MB)
	383080  -  ResidentSetSize of job (KB)
...
006 (76637160.000.000) 09/28 18:53:22 Image size of job updated: 422652
	392  -  MemoryUsage of job (MB)
	400492  -  ResidentSetSize of job (KB)
...
006 (76637160.000.000) 09/28 18:58:23 Image size of job updated: 441932
	410  -  MemoryUsage of job (MB)
	419772  -  ResidentSetSize of job (KB)
...
006 (76637160.000.000) 09/28 19:03:24 Image size of job updated: 459660
	428  -  MemoryUsage of job (MB)
	437500  -  ResidentSetSize of job (KB)
...
006 (76637160.000.000) 09/28 19:08:24 Image size of job updated: 476056
	444  -  MemoryUsage of job (MB)
	453896  -  ResidentSetSize of job (KB)
...
006 (76637160.000.000) 09/28 19:13:25 Image size of job updated: 486712
	454  -  MemoryUsage of job (MB)
	464552  -  ResidentSetSize of job (KB)
...
006 (76637160.000.000) 09/28 19:18:27 Image size of job updated: 507024
	474  -  MemoryUsage of job (MB)
	484864  -  ResidentSetSize of job (KB)
...
006 (76637160.000.000) 09/28 19:23:28 Image size of job updated: 531348
	498  -  MemoryUsage of job (MB)
	509188  -  ResidentSetSize of job (KB)
...
006 (76637160.000.000) 09/28 19:28:28 Image size of job updated: 537704
	504  -  MemoryUsage of job (MB)
	515544  -  ResidentSetSize of job (KB)
...
006 (76637160.000.000) 09/28 19:33:28 Image size of job updated: 547740
	514  -  MemoryUsage of job (MB)
	525580  -  ResidentSetSize of job (KB)
...
006 (76637160.000.000) 09/28 19:38:28 Image size of job updated: 560036
	526  -  MemoryUsage of job (MB)
	537876  -  ResidentSetSize of job (KB)
...
006 (76637160.000.000) 09/28 19:43:29 Image size of job updated: 582804
	548  -  MemoryUsage of job (MB)
	560644  -  ResidentSetSize of job (KB)
...
006 (76637160.000.000) 09/28 19:48:30 Image size of job updated: 597744
	563  -  MemoryUsage of job (MB)
	575584  -  ResidentSetSize of job (KB)
...
006 (76637160.000.000) 09/28 19:53:30 Image size of job updated: 611264
	576  -  MemoryUsage of job (MB)
	589104  -  ResidentSetSize of job (KB)
...
006 (76637160.000.000) 09/28 19:58:30 Image size of job updated: 615700
	580  -  MemoryUsage of job (MB)
	593540  -  ResidentSetSize of job (KB)
...
006 (76637160.000.000) 09/28 20:03:31 Image size of job updated: 635344
	599  -  MemoryUsage of job (MB)
	613184  -  ResidentSetSize of job (KB)
...
006 (76637160.000.000) 09/28 20:08:32 Image size of job updated: 669320
	632  -  MemoryUsage of job (MB)
	647160  -  ResidentSetSize of job (KB)
...
006 (76637160.000.000) 09/28 20:13:33 Image size of job updated: 685004
	648  -  MemoryUsage of job (MB)
	662844  -  ResidentSetSize of job (KB)
...
006 (76637160.000.000) 09/28 20:18:33 Image size of job updated: 709572
	672  -  MemoryUsage of job (MB)
	687412  -  ResidentSetSize of job (KB)
...
006 (76637160.000.000) 09/28 20:23:34 Image size of job updated: 744388
	706  -  MemoryUsage of job (MB)
	722228  -  ResidentSetSize of job (KB)
...
006 (76637160.000.000) 09/28 20:28:34 Image size of job updated: 756704
	718  -  MemoryUsage of job (MB)
	734544  -  ResidentSetSize of job (KB)
...
006 (76637160.000.000) 09/28 20:33:34 Image size of job updated: 779204
	740  -  MemoryUsage of job (MB)
	757044  -  ResidentSetSize of job (KB)
...
006 (76637160.000.000) 09/28 20:38:35 Image size of job updated: 793552
	754  -  MemoryUsage of job (MB)
	771392  -  ResidentSetSize of job (KB)
...
006 (76637160.000.000) 09/28 20:43:36 Image size of job updated: 822100
	782  -  MemoryUsage of job (MB)
	799940  -  ResidentSetSize of job (KB)
...
006 (76637160.000.000) 09/28 20:48:37 Image size of job updated: 832464
	792  -  MemoryUsage of job (MB)
	810304  -  ResidentSetSize of job (KB)
...
006 (76637160.000.000) 09/28 20:53:38 Image size of job updated: 850900
	810  -  MemoryUsage of job (MB)
	828740  -  ResidentSetSize of job (KB)
...
006 (76637160.000.000) 09/28 20:58:39 Image size of job updated: 867280
	826  -  MemoryUsage of job (MB)
	845120  -  ResidentSetSize of job (KB)
...
006 (76637160.000.000) 09/28 21:03:41 Image size of job updated: 893892
	852  -  MemoryUsage of job (MB)
	871732  -  ResidentSetSize of job (KB)
...
006 (76637160.000.000) 09/28 21:08:40 Image size of job updated: 906188
	864  -  MemoryUsage of job (MB)
	884028  -  ResidentSetSize of job (KB)
...
006 (76637160.000.000) 09/28 21:13:41 Image size of job updated: 922584
	880  -  MemoryUsage of job (MB)
	900424  -  ResidentSetSize of job (KB)
...
006 (76637160.000.000) 09/28 21:18:41 Image size of job updated: 926696
	884  -  MemoryUsage of job (MB)
	904536  -  ResidentSetSize of job (KB)
...
006 (76637160.000.000) 09/28 21:23:42 Image size of job updated: 957396
	914  -  MemoryUsage of job (MB)
	935236  -  ResidentSetSize of job (KB)
...
006 (76637160.000.000) 09/28 21:28:45 Image size of job updated: 959468
	916  -  MemoryUsage of job (MB)
	937308  -  ResidentSetSize of job (KB)
...
006 (76637160.000.000) 09/28 21:33:44 Image size of job updated: 981980
	938  -  MemoryUsage of job (MB)
	959820  -  ResidentSetSize of job (KB)
...
006 (76637160.000.000) 09/28 21:38:44 Image size of job updated: 996328
	952  -  MemoryUsage of job (MB)
	974168  -  ResidentSetSize of job (KB)
...
006 (76637160.000.000) 09/28 21:43:44 Image size of job updated: 1004528
	960  -  MemoryUsage of job (MB)
	982368  -  ResidentSetSize of job (KB)
...
006 (76637160.000.000) 09/28 21:48:44 Image size of job updated: 1029112
	984  -  MemoryUsage of job (MB)
	1006952  -  ResidentSetSize of job (KB)
...
006 (76637160.000.000) 09/28 21:53:46 Image size of job updated: 1040108
	995  -  MemoryUsage of job (MB)
	1017948  -  ResidentSetSize of job (KB)
...
006 (76637160.000.000) 09/28 21:58:45 Image size of job updated: 1064336
	1018  -  MemoryUsage of job (MB)
	1042176  -  ResidentSetSize of job (KB)
...
006 (76637160.000.000) 09/28 22:03:46 Image size of job updated: 1069940
	1024  -  MemoryUsage of job (MB)
	1047780  -  ResidentSetSize of job (KB)
...
006 (76637160.000.000) 09/28 22:08:46 Image size of job updated: 1073368
	1027  -  MemoryUsage of job (MB)
	1051208  -  ResidentSetSize of job (KB)
...
006 (76637160.000.000) 09/28 22:13:46 Image size of job updated: 1116896
	1070  -  MemoryUsage of job (MB)
	1094736  -  ResidentSetSize of job (KB)
...
006 (76637160.000.000) 09/28 22:18:47 Image size of job updated: 1127348
	1080  -  MemoryUsage of job (MB)
	1105188  -  ResidentSetSize of job (KB)
...
006 (76637160.000.000) 09/28 22:23:47 Image size of job updated: 1139708
	1092  -  MemoryUsage of job (MB)
	1117548  -  ResidentSetSize of job (KB)
...
006 (76637160.000.000) 09/28 22:28:47 Image size of job updated: 1170408
	1122  -  MemoryUsage of job (MB)
	1148248  -  ResidentSetSize of job (KB)
...
006 (76637160.000.000) 09/28 22:33:48 Image size of job updated: 1174536
	1126  -  MemoryUsage of job (MB)
	1152376  -  ResidentSetSize of job (KB)
...
006 (76637160.000.000) 09/28 22:38:49 Image size of job updated: 1200904
	1152  -  MemoryUsage of job (MB)
	1178744  -  ResidentSetSize of job (KB)
...
006 (76637160.000.000) 09/28 22:43:50 Image size of job updated: 1203820
	1154  -  MemoryUsage of job (MB)
	1181660  -  ResidentSetSize of job (KB)
...
006 (76637160.000.000) 09/28 22:48:51 Image size of job updated: 1220860
	1171  -  MemoryUsage of job (MB)
	1198700  -  ResidentSetSize of job (KB)
...
006 (76637160.000.000) 09/28 22:53:52 Image size of job updated: 1277800
	1227  -  MemoryUsage of job (MB)
	1255640  -  ResidentSetSize of job (KB)
...
006 (76637160.000.000) 09/28 23:03:53 Image size of job updated: 1297380
	1246  -  MemoryUsage of job (MB)
	1275220  -  ResidentSetSize of job (KB)
...
006 (76637160.000.000) 09/28 23:08:54 Image size of job updated: 1299252
	1248  -  MemoryUsage of job (MB)
	1277092  -  ResidentSetSize of job (KB)
...
006 (76637160.000.000) 09/28 23:13:55 Image size of job updated: 1354092
	1301  -  MemoryUsage of job (MB)
	1331932  -  ResidentSetSize of job (KB)
...
006 (76637160.000.000) 09/28 23:28:56 Image size of job updated: 1413996
	1360  -  MemoryUsage of job (MB)
	1391836  -  ResidentSetSize of job (KB)
...
006 (76637160.000.000) 09/28 23:38:57 Image size of job updated: 1460612
	1405  -  MemoryUsage of job (MB)
	1438452  -  ResidentSetSize of job (KB)
...
006 (76637160.000.000) 09/28 23:43:58 Image size of job updated: 1464984
	1410  -  MemoryUsage of job (MB)
	1442824  -  ResidentSetSize of job (KB)
...
006 (76637160.000.000) 09/28 23:48:59 Image size of job updated: 1484988
	1429  -  MemoryUsage of job (MB)
	1462828  -  ResidentSetSize of job (KB)
...
006 (76637160.000.000) 09/28 23:53:59 Image size of job updated: 1491284
	1435  -  MemoryUsage of job (MB)
	1469124  -  ResidentSetSize of job (KB)
...
006 (76637160.000.000) 09/29 00:14:02 Image size of job updated: 1529408
	1472  -  MemoryUsage of job (MB)
	1507248  -  ResidentSetSize of job (KB)
...
006 (76637160.000.000) 09/29 00:24:02 Image size of job updated: 1530892
	1474  -  MemoryUsage of job (MB)
	1508732  -  ResidentSetSize of job (KB)
...
006 (76637160.000.000) 09/29 00:29:02 Image size of job updated: 1568620
	1511  -  MemoryUsage of job (MB)
	1546460  -  ResidentSetSize of job (KB)
...
006 (76637160.000.000) 09/29 00:34:03 Image size of job updated: 1573532
	1516  -  MemoryUsage of job (MB)
	1551388  -  ResidentSetSize of job (KB)
...
006 (76637160.000.000) 09/29 00:39:04 Image size of job updated: 1584332
	1526  -  MemoryUsage of job (MB)
	1562232  -  ResidentSetSize of job (KB)
...
006 (76637160.000.000) 09/29 00:44:05 Image size of job updated: 1588340
	1530  -  MemoryUsage of job (MB)
	1566268  -  ResidentSetSize of job (KB)
...
006 (76637160.000.000) 09/29 00:49:06 Image size of job updated: 1598656
	1540  -  MemoryUsage of job (MB)
	1576592  -  ResidentSetSize of job (KB)
...
005 (76637160.000.000) 09/29 00:55:05 Job terminated.
	(1) Normal termination (return value 0)
		Usr 0 07:31:21, Sys 0 00:00:20  -  Run Remote Usage
		Usr 0 00:00:00, Sys 0 00:00:00  -  Run Local Usage
		Usr 0 07:31:21, Sys 0 00:00:20  -  Total Remote Usage
		Usr 0 00:00:00, Sys 0 00:00:00  -  Total Local Usage
	1732447  -  Run Bytes Sent By Job
	35421  -  Run Bytes Received By Job
	1732447  -  Total Bytes Sent By Job
	35421  -  Total Bytes Received By Job
	Partitionable Resources :    Usage  Request Allocated
	   Cpus                 :                 2         2
	   Disk (KB)            :  4351822 10485760  12079496
	   Memory (MB)          :     1540     2048      2048
...
