000 (76638442.000.000) 09/28 17:31:34 Job submitted from host: <128.104.100.44:9618?addrs=128.104.100.44-9618+[2607-f388-107c-501-90e2-baff-fe2c-2724]-9618&noUDP&sock=2350639_6a2a_3>
...
001 (76638442.000.000) 09/28 17:31:40 Job executing on host: <128.105.245.248:9618?addrs=128.105.245.248-9618+[--1]-9618&noUDP&sock=5321_5786_3>
...
006 (76638442.000.000) 09/28 17:31:48 Image size of job updated: 852
	1  -  MemoryUsage of job (MB)
	852  -  ResidentSetSize of job (KB)
...
006 (76638442.000.000) 09/28 17:36:48 Image size of job updated: 96244
	73  -  MemoryUsage of job (MB)
	74092  -  ResidentSetSize of job (KB)
...
006 (76638442.000.000) 09/28 17:41:49 Image size of job updated: 124780
	101  -  MemoryUsage of job (MB)
	102628  -  ResidentSetSize of job (KB)
...
006 (76638442.000.000) 09/28 17:46:49 Image size of job updated: 153812
	129  -  MemoryUsage of job (MB)
	131660  -  ResidentSetSize of job (KB)
...
006 (76638442.000.000) 09/28 17:51:49 Image size of job updated: 179284
	154  -  MemoryUsage of job (MB)
	157132  -  ResidentSetSize of job (KB)
...
006 (76638442.000.000) 09/28 17:56:49 Image size of job updated: 196568
	171  -  MemoryUsage of job (MB)
	174416  -  ResidentSetSize of job (KB)
...
006 (76638442.000.000) 09/28 18:01:49 Image size of job updated: 201112
	175  -  MemoryUsage of job (MB)
	178960  -  ResidentSetSize of job (KB)
...
006 (76638442.000.000) 09/28 18:11:50 Image size of job updated: 225404
	199  -  MemoryUsage of job (MB)
	203252  -  ResidentSetSize of job (KB)
...
006 (76638442.000.000) 09/28 18:16:51 Image size of job updated: 246876
	220  -  MemoryUsage of job (MB)
	224724  -  ResidentSetSize of job (KB)
...
006 (76638442.000.000) 09/28 18:21:52 Image size of job updated: 273596
	246  -  MemoryUsage of job (MB)
	251444  -  ResidentSetSize of job (KB)
...
006 (76638442.000.000) 09/28 18:26:53 Image size of job updated: 292584
	265  -  MemoryUsage of job (MB)
	270432  -  ResidentSetSize of job (KB)
...
006 (76638442.000.000) 09/28 18:31:54 Image size of job updated: 307556
	279  -  MemoryUsage of job (MB)
	285404  -  ResidentSetSize of job (KB)
...
006 (76638442.000.000) 09/28 18:36:55 Image size of job updated: 325692
	297  -  MemoryUsage of job (MB)
	303540  -  ResidentSetSize of job (KB)
...
006 (76638442.000.000) 09/28 18:41:56 Image size of job updated: 346496
	317  -  MemoryUsage of job (MB)
	324344  -  ResidentSetSize of job (KB)
...
006 (76638442.000.000) 09/28 18:46:57 Image size of job updated: 351676
	322  -  MemoryUsage of job (MB)
	329524  -  ResidentSetSize of job (KB)
...
006 (76638442.000.000) 09/28 18:51:58 Image size of job updated: 366580
	337  -  MemoryUsage of job (MB)
	344428  -  ResidentSetSize of job (KB)
...
006 (76638442.000.000) 09/28 18:56:58 Image size of job updated: 400448
	370  -  MemoryUsage of job (MB)
	378296  -  ResidentSetSize of job (KB)
...
006 (76638442.000.000) 09/28 19:01:59 Image size of job updated: 409792
	379  -  MemoryUsage of job (MB)
	387640  -  ResidentSetSize of job (KB)
...
006 (76638442.000.000) 09/28 19:07:00 Image size of job updated: 431336
	400  -  MemoryUsage of job (MB)
	409184  -  ResidentSetSize of job (KB)
...
006 (76638442.000.000) 09/28 19:12:00 Image size of job updated: 446580
	415  -  MemoryUsage of job (MB)
	424428  -  ResidentSetSize of job (KB)
...
006 (76638442.000.000) 09/28 19:17:00 Image size of job updated: 459744
	428  -  MemoryUsage of job (MB)
	437592  -  ResidentSetSize of job (KB)
...
006 (76638442.000.000) 09/28 19:22:00 Image size of job updated: 468404
	436  -  MemoryUsage of job (MB)
	446252  -  ResidentSetSize of job (KB)
...
006 (76638442.000.000) 09/28 19:27:00 Image size of job updated: 483748
	451  -  MemoryUsage of job (MB)
	461596  -  ResidentSetSize of job (KB)
...
006 (76638442.000.000) 09/28 19:32:01 Image size of job updated: 506276
	473  -  MemoryUsage of job (MB)
	484124  -  ResidentSetSize of job (KB)
...
006 (76638442.000.000) 09/28 19:37:02 Image size of job updated: 518532
	485  -  MemoryUsage of job (MB)
	496380  -  ResidentSetSize of job (KB)
...
006 (76638442.000.000) 09/28 19:42:03 Image size of job updated: 532904
	499  -  MemoryUsage of job (MB)
	510752  -  ResidentSetSize of job (KB)
...
006 (76638442.000.000) 09/28 19:47:04 Image size of job updated: 538628
	505  -  MemoryUsage of job (MB)
	516476  -  ResidentSetSize of job (KB)
...
006 (76638442.000.000) 09/28 19:52:04 Image size of job updated: 549300
	515  -  MemoryUsage of job (MB)
	527148  -  ResidentSetSize of job (KB)
...
006 (76638442.000.000) 09/28 19:57:05 Image size of job updated: 557496
	523  -  MemoryUsage of job (MB)
	535344  -  ResidentSetSize of job (KB)
...
006 (76638442.000.000) 09/28 20:02:05 Image size of job updated: 589484
	555  -  MemoryUsage of job (MB)
	567332  -  ResidentSetSize of job (KB)
...
006 (76638442.000.000) 09/28 20:07:05 Image size of job updated: 595652
	561  -  MemoryUsage of job (MB)
	573500  -  ResidentSetSize of job (KB)
...
006 (76638442.000.000) 09/28 20:12:05 Image size of job updated: 606908
	572  -  MemoryUsage of job (MB)
	584756  -  ResidentSetSize of job (KB)
...
006 (76638442.000.000) 09/28 20:17:05 Image size of job updated: 612800
	577  -  MemoryUsage of job (MB)
	590648  -  ResidentSetSize of job (KB)
...
006 (76638442.000.000) 09/28 20:22:05 Image size of job updated: 632536
	597  -  MemoryUsage of job (MB)
	610384  -  ResidentSetSize of job (KB)
...
006 (76638442.000.000) 09/28 20:27:05 Image size of job updated: 649004
	613  -  MemoryUsage of job (MB)
	626852  -  ResidentSetSize of job (KB)
...
006 (76638442.000.000) 09/28 20:32:05 Image size of job updated: 680380
	643  -  MemoryUsage of job (MB)
	658228  -  ResidentSetSize of job (KB)
...
006 (76638442.000.000) 09/28 20:37:05 Image size of job updated: 690636
	653  -  MemoryUsage of job (MB)
	668484  -  ResidentSetSize of job (KB)
...
006 (76638442.000.000) 09/28 20:42:05 Image size of job updated: 707024
	669  -  MemoryUsage of job (MB)
	684872  -  ResidentSetSize of job (KB)
...
006 (76638442.000.000) 09/28 20:47:05 Image size of job updated: 741828
	703  -  MemoryUsage of job (MB)
	719676  -  ResidentSetSize of job (KB)
...
006 (76638442.000.000) 09/28 20:52:05 Image size of job updated: 754152
	715  -  MemoryUsage of job (MB)
	732000  -  ResidentSetSize of job (KB)
...
006 (76638442.000.000) 09/28 20:57:05 Image size of job updated: 776652
	737  -  MemoryUsage of job (MB)
	754500  -  ResidentSetSize of job (KB)
...
006 (76638442.000.000) 09/28 21:02:05 Image size of job updated: 791012
	751  -  MemoryUsage of job (MB)
	768860  -  ResidentSetSize of job (KB)
...
006 (76638442.000.000) 09/28 21:07:05 Image size of job updated: 801268
	761  -  MemoryUsage of job (MB)
	779116  -  ResidentSetSize of job (KB)
...
006 (76638442.000.000) 09/28 21:12:05 Image size of job updated: 819684
	779  -  MemoryUsage of job (MB)
	797532  -  ResidentSetSize of job (KB)
...
006 (76638442.000.000) 09/28 21:17:05 Image size of job updated: 837812
	797  -  MemoryUsage of job (MB)
	815660  -  ResidentSetSize of job (KB)
...
006 (76638442.000.000) 09/28 21:22:06 Image size of job updated: 848356
	807  -  MemoryUsage of job (MB)
	826204  -  ResidentSetSize of job (KB)
...
006 (76638442.000.000) 09/28 21:27:08 Image size of job updated: 864736
	823  -  MemoryUsage of job (MB)
	842584  -  ResidentSetSize of job (KB)
...
006 (76638442.000.000) 09/28 21:32:08 Image size of job updated: 874996
	833  -  MemoryUsage of job (MB)
	852844  -  ResidentSetSize of job (KB)
...
006 (76638442.000.000) 09/28 21:37:09 Image size of job updated: 893424
	851  -  MemoryUsage of job (MB)
	871272  -  ResidentSetSize of job (KB)
...
006 (76638442.000.000) 09/28 21:42:10 Image size of job updated: 917988
	875  -  MemoryUsage of job (MB)
	895836  -  ResidentSetSize of job (KB)
...
006 (76638442.000.000) 09/28 21:47:11 Image size of job updated: 922112
	879  -  MemoryUsage of job (MB)
	899960  -  ResidentSetSize of job (KB)
...
006 (76638442.000.000) 09/28 21:52:12 Image size of job updated: 940536
	897  -  MemoryUsage of job (MB)
	918384  -  ResidentSetSize of job (KB)
...
006 (76638442.000.000) 09/28 21:57:13 Image size of job updated: 956932
	913  -  MemoryUsage of job (MB)
	934780  -  ResidentSetSize of job (KB)
...
006 (76638442.000.000) 09/28 22:02:14 Image size of job updated: 956948
	913  -  MemoryUsage of job (MB)
	934796  -  ResidentSetSize of job (KB)
...
006 (76638442.000.000) 09/28 22:07:14 Image size of job updated: 979460
	935  -  MemoryUsage of job (MB)
	957308  -  ResidentSetSize of job (KB)
...
006 (76638442.000.000) 09/28 22:12:14 Image size of job updated: 991756
	947  -  MemoryUsage of job (MB)
	969604  -  ResidentSetSize of job (KB)
...
006 (76638442.000.000) 09/28 22:17:14 Image size of job updated: 999948
	955  -  MemoryUsage of job (MB)
	977796  -  ResidentSetSize of job (KB)
...
006 (76638442.000.000) 09/28 22:22:14 Image size of job updated: 1026572
	981  -  MemoryUsage of job (MB)
	1004420  -  ResidentSetSize of job (KB)
...
006 (76638442.000.000) 09/28 22:27:14 Image size of job updated: 1036820
	991  -  MemoryUsage of job (MB)
	1014668  -  ResidentSetSize of job (KB)
...
006 (76638442.000.000) 09/28 22:32:14 Image size of job updated: 1042892
	997  -  MemoryUsage of job (MB)
	1020740  -  ResidentSetSize of job (KB)
...
006 (76638442.000.000) 09/28 22:37:14 Image size of job updated: 1059344
	1013  -  MemoryUsage of job (MB)
	1037192  -  ResidentSetSize of job (KB)
...
006 (76638442.000.000) 09/28 22:42:14 Image size of job updated: 1072980
	1027  -  MemoryUsage of job (MB)
	1050828  -  ResidentSetSize of job (KB)
...
006 (76638442.000.000) 09/28 22:47:14 Image size of job updated: 1079696
	1033  -  MemoryUsage of job (MB)
	1057544  -  ResidentSetSize of job (KB)
...
006 (76638442.000.000) 09/28 22:52:14 Image size of job updated: 1118988
	1072  -  MemoryUsage of job (MB)
	1096836  -  ResidentSetSize of job (KB)
...
006 (76638442.000.000) 09/28 22:57:14 Image size of job updated: 1124448
	1077  -  MemoryUsage of job (MB)
	1102296  -  ResidentSetSize of job (KB)
...
006 (76638442.000.000) 09/28 23:02:14 Image size of job updated: 1124904
	1077  -  MemoryUsage of job (MB)
	1102752  -  ResidentSetSize of job (KB)
...
006 (76638442.000.000) 09/28 23:07:14 Image size of job updated: 1142068
	1094  -  MemoryUsage of job (MB)
	1119916  -  ResidentSetSize of job (KB)
...
006 (76638442.000.000) 09/28 23:12:14 Image size of job updated: 1169548
	1121  -  MemoryUsage of job (MB)
	1147396  -  ResidentSetSize of job (KB)
...
006 (76638442.000.000) 09/28 23:17:14 Image size of job updated: 1171968
	1123  -  MemoryUsage of job (MB)
	1149816  -  ResidentSetSize of job (KB)
...
006 (76638442.000.000) 09/28 23:22:15 Image size of job updated: 1196920
	1148  -  MemoryUsage of job (MB)
	1174768  -  ResidentSetSize of job (KB)
...
006 (76638442.000.000) 09/28 23:27:16 Image size of job updated: 1211716
	1162  -  MemoryUsage of job (MB)
	1189564  -  ResidentSetSize of job (KB)
...
006 (76638442.000.000) 09/28 23:32:17 Image size of job updated: 1216024
	1166  -  MemoryUsage of job (MB)
	1193872  -  ResidentSetSize of job (KB)
...
006 (76638442.000.000) 09/28 23:37:19 Image size of job updated: 1245240
	1195  -  MemoryUsage of job (MB)
	1223088  -  ResidentSetSize of job (KB)
...
006 (76638442.000.000) 09/28 23:42:18 Image size of job updated: 1292676
	1241  -  MemoryUsage of job (MB)
	1270524  -  ResidentSetSize of job (KB)
...
006 (76638442.000.000) 09/28 23:47:19 Image size of job updated: 1327916
	1276  -  MemoryUsage of job (MB)
	1305764  -  ResidentSetSize of job (KB)
...
006 (76638442.000.000) 09/28 23:57:19 Image size of job updated: 1349876
	1297  -  MemoryUsage of job (MB)
	1327724  -  ResidentSetSize of job (KB)
...
006 (76638442.000.000) 09/29 00:02:19 Image size of job updated: 1350672
	1298  -  MemoryUsage of job (MB)
	1328520  -  ResidentSetSize of job (KB)
...
006 (76638442.000.000) 09/29 00:07:19 Image size of job updated: 1412712
	1358  -  MemoryUsage of job (MB)
	1390560  -  ResidentSetSize of job (KB)
...
006 (76638442.000.000) 09/29 00:17:19 Image size of job updated: 1458136
	1403  -  MemoryUsage of job (MB)
	1435984  -  ResidentSetSize of job (KB)
...
006 (76638442.000.000) 09/29 00:27:20 Image size of job updated: 1486744
	1431  -  MemoryUsage of job (MB)
	1464592  -  ResidentSetSize of job (KB)
...
006 (76638442.000.000) 09/29 00:37:22 Image size of job updated: 1507052
	1451  -  MemoryUsage of job (MB)
	1484900  -  ResidentSetSize of job (KB)
...
006 (76638442.000.000) 09/29 00:42:23 Image size of job updated: 1511148
	1455  -  MemoryUsage of job (MB)
	1488996  -  ResidentSetSize of job (KB)
...
006 (76638442.000.000) 09/29 00:57:25 Image size of job updated: 1530552
	1474  -  MemoryUsage of job (MB)
	1508400  -  ResidentSetSize of job (KB)
...
006 (76638442.000.000) 09/29 01:02:25 Image size of job updated: 1566596
	1509  -  MemoryUsage of job (MB)
	1544444  -  ResidentSetSize of job (KB)
...
006 (76638442.000.000) 09/29 01:17:27 Image size of job updated: 1597212
	1539  -  MemoryUsage of job (MB)
	1575060  -  ResidentSetSize of job (KB)
...
005 (76638442.000.000) 09/29 01:23:01 Job terminated.
	(1) Normal termination (return value 0)
		Usr 0 07:48:47, Sys 0 00:00:19  -  Run Remote Usage
		Usr 0 00:00:00, Sys 0 00:00:00  -  Run Local Usage
		Usr 0 07:48:47, Sys 0 00:00:19  -  Total Remote Usage
		Usr 0 00:00:00, Sys 0 00:00:00  -  Total Local Usage
	1732447  -  Run Bytes Sent By Job
	35421  -  Run Bytes Received By Job
	1732447  -  Total Bytes Sent By Job
	35421  -  Total Bytes Received By Job
	Partitionable Resources :    Usage  Request Allocated
	   Cpus                 :                 2         2
	   Disk (KB)            :  4351905 10485760  13033705
	   Memory (MB)          :     1539     4096      4096
...
